<?xml version="1.0" encoding="UTF-8"?>
<testng-results ignored="0" total="1" passed="1" failed="0" skipped="0">
  <reporter-output>
  </reporter-output>
  <suite started-at="2022-03-27T05:41:05 PDT" name="Default suite" finished-at="2022-03-27T05:41:06 PDT" duration-ms="111">
    <groups>
    </groups>
    <test started-at="2022-03-27T05:41:05 PDT" name="Default test" finished-at="2022-03-27T05:41:06 PDT" duration-ms="111">
      <class name="Com.Testcase.SampleProgram">
        <test-method signature="method()[pri:0, instance:Com.Testcase.SampleProgram@25d250c6]" started-at="2022-03-27T05:41:06 PDT" name="method" finished-at="2022-03-27T05:41:06 PDT" duration-ms="26" status="PASS">
          <reporter-output>
          </reporter-output>
        </test-method> <!-- method -->
      </class> <!-- Com.Testcase.SampleProgram -->
    </test> <!-- Default test -->
  </suite> <!-- Default suite -->
</testng-results>
